2024-10-06 15:52:27,960 - INFO - Iniciando o processo de autenticação e carregamento de dados.
2024-10-06 15:52:39,059 - INFO - "GET /?state=c1t2BYSg2Ct3pp159CcTBSWqVAj50R&code=4/0AVG7fiQbW7miUokjpmbHIu5MQ3Z4-8Vd_ft4orf53Ps56JgvCB8WmSsw1-PNtsbkMVHWNA&scope=https://www.googleapis.com/auth/spreadsheets HTTP/1.1" 200 65
2024-10-06 15:56:41,227 - INFO - Iniciando o processo de autenticação e carregamento de dados.
2024-10-06 15:56:50,899 - INFO - "GET /?state=R6QIopHFR0seRGi9u4pmIzLw5GTot7&code=4/0AVG7fiTY3ntjNtBe1drVdShHyMxJJAZYr_-UlLilI3rJu9DnJ3EM3TO1gDyuo5ZwPTV69A&scope=https://www.googleapis.com/auth/spreadsheets HTTP/1.1" 200 65
2024-10-06 15:57:17,312 - INFO - Iniciando o processo de autenticação e carregamento de dados.
2024-10-06 15:57:25,709 - INFO - "GET /?state=KXOBMOvT6wdWBowQnCWDsWnuxbG7TZ&code=4/0AVG7fiSMdOjcQMO1bvRmF_JXGLxcFxoH8jm5NyA91z4VCtKSrkGcBViTTSFI7zPUzR-3Ug&scope=https://www.googleapis.com/auth/spreadsheets HTTP/1.1" 200 65
2024-10-06 16:00:28,716 - INFO - Iniciando o processo de autenticação e carregamento de dados.
2024-10-06 16:00:37,928 - INFO - "GET /?state=NsRc3AS26J7FDh3yx36a1qeAN4COcH&code=4/0AVG7fiSF8JLnM0Kcah65V5xUCGsWpzOuiQ5lU3QikQtIiI2aMh5kD7jmYEamtbZHHujuwA&scope=https://www.googleapis.com/auth/spreadsheets HTTP/1.1" 200 65
2024-10-06 16:03:04,114 - INFO - Iniciando o processo de autenticação e carregamento de dados.
2024-10-06 16:03:14,958 - INFO - "GET /?state=rRlxjAI5KNT45m3AKHSJdhV9Qx5A3m&code=4/0AVG7fiR0q0P5JZ25l35YOZHk1JDA0oq6ZN_Yy1YmbA9kkFCbxCmSamc656eFXB4LLUnyWw&scope=https://www.googleapis.com/auth/spreadsheets HTTP/1.1" 200 65
2024-10-06 16:12:15,998 - INFO - file_cache is only supported with oauth2client<4.0.0
2024-10-06 16:13:16,303 - ERROR - Erro na execução da função principal: timed out
2024-10-06 17:30:15,383 - INFO - Iniciando o processo de autenticação e carregamento de dados.
2024-10-06 17:32:43,169 - INFO - Iniciando o processo de autenticação e carregamento de dados.
2024-10-06 17:38:10,578 - INFO - Iniciando o processo de autenticação e carregamento de dados.
2024-10-06 17:44:06,108 - INFO - Iniciando o processo de autenticação e carregamento de dados.
2024-10-06 17:52:06,685 - INFO - file_cache is only supported with oauth2client<4.0.0
2024-10-06 17:52:51,003 - INFO - Iniciando o processo de autenticação e carregamento de dados.
2024-10-06 17:52:51,005 - INFO - file_cache is only supported with oauth2client<4.0.0
2024-10-06 17:53:51,287 - ERROR - Erro na execução da função principal: timed out
2024-10-06 17:57:59,719 - INFO - Iniciando o processo de autenticação e carregamento de dados.
2024-10-06 17:57:59,721 - INFO - file_cache is only supported with oauth2client<4.0.0
2024-10-06 17:59:00,011 - ERROR - Erro na execução da função principal: timed out
2024-10-06 18:03:17,245 - INFO - Iniciando o processo de autenticação e carregamento de dados.
2024-10-06 18:03:17,246 - INFO - file_cache is only supported with oauth2client<4.0.0
2024-10-06 18:04:17,561 - ERROR - Erro na execução da função principal: timed out
2024-10-07 02:52:45,499 - INFO - Iniciando o processo de autenticação e carregamento de dados.
2024-10-07 03:00:46,129 - ERROR - Erro na execução da função principal: ('invalid_scope: Bad Request', {'error': 'invalid_scope', 'error_description': 'Bad Request'})
2024-10-07 03:12:30,188 - INFO - Iniciando o processo de autenticação e carregamento de dados.
2024-10-07 03:37:40,237 - INFO - Iniciando o processo de autenticação e carregamento de dados.
2024-10-07 03:37:54,092 - INFO - "GET /?state=nuqoQvxKspNGOEg4qg90smjWQwThif&code=4/0AVG7fiTlDDBfVrqflIs7gqKQILE9iBSS_FFxmGvDhnxxEmr5if926stpuSGDN8110norNw&scope=https://www.googleapis.com/auth/spreadsheets HTTP/1.1" 200 65
2024-10-07 04:01:16,028 - INFO - Iniciando o processo de autenticação e carregamento de dados.
2024-10-07 04:01:28,129 - INFO - "GET /?state=2zWHnWrZjCu3pb8TkPabVPiDhrEMsz&code=4/0AVG7fiScINizh283h5nT7pLj_M1slC_7RuKLLX_bkzxueSmdmsTSSXNnLFYXHZELFKx9tA&scope=https://www.googleapis.com/auth/spreadsheets HTTP/1.1" 200 65
2024-10-07 04:04:07,937 - INFO - Iniciando o processo de autenticação e carregamento de dados.
2024-10-07 04:04:19,391 - INFO - "GET /?state=diqYHTmfQF2chpwv9hGnxiDbjwOMsq&code=4/0AVG7fiSosQFUfSCpJwWzaafMcvI4mZq43uzii-fjr881B-_KLPK5eBQrBHcPwWjpaB7Epw&scope=https://www.googleapis.com/auth/spreadsheets HTTP/1.1" 200 65
2024-10-07 04:13:20,724 - INFO - Iniciando o processo de autenticação e carregamento de dados.
